nineLibrary/build/intermediates/manifest_merge_blame_file/release/manifest-merger-blame-release-report.txt
1<?xml version="1.0" encoding="utf-8"?>
2<manifest xmlns:android="http://schemas.android.com/apk/res/android"
3    package="cn.bingoogolapple.photopicker" >
4
5    <uses-sdk
6        android:minSdkVersion="14"
6-->src\main\AndroidManifest.xml
7        android:targetSdkVersion="30" />
7-->src\main\AndroidManifest.xml
8
9    <uses-permission android:name="android.permission.READ_EXTERNAL_STORAGE" />
9-->src\main\AndroidManifest.xml:4:5-80
9-->src\main\AndroidManifest.xml:4:22-77
10    <uses-permission android:name="android.permission.WRITE_EXTERNAL_STORAGE" />
10-->src\main\AndroidManifest.xml:5:5-81
10-->src\main\AndroidManifest.xml:5:22-78
11    <uses-permission android:name="android.permission.CAMERA" />
11-->src\main\AndroidManifest.xml:6:5-65
11-->src\main\AndroidManifest.xml:6:22-62
12
13    <application>
13-->src\main\AndroidManifest.xml:8:5-43:19
14
15        <!-- 图片预览界面 -->
16        <activity
16-->src\main\AndroidManifest.xml:10:9-16:63
17            android:name="cn.bingoogolapple.photopicker.activity.BGAPhotoPreviewActivity"
17-->src\main\AndroidManifest.xml:11:13-90
18            android:configChanges="keyboardHidden|orientation|screenSize"
18-->src\main\AndroidManifest.xml:12:13-74
19            android:hardwareAccelerated="false"
19-->src\main\AndroidManifest.xml:15:13-48
20            android:screenOrientation="portrait"
20-->src\main\AndroidManifest.xml:13:13-49
21            android:theme="@style/BGAPPTheme"
21-->src\main\AndroidManifest.xml:14:13-46
22            android:windowSoftInputMode="stateAlwaysHidden" />
22-->src\main\AndroidManifest.xml:16:13-60
23
24        <!-- 图片选择界面 -->
25        <activity
25-->src\main\AndroidManifest.xml:19:9-24:63
26            android:name="cn.bingoogolapple.photopicker.activity.BGAPhotoPickerActivity"
26-->src\main\AndroidManifest.xml:20:13-89
27            android:configChanges="keyboardHidden|orientation|screenSize"
27-->src\main\AndroidManifest.xml:21:13-74
28            android:screenOrientation="portrait"
28-->src\main\AndroidManifest.xml:22:13-49
29            android:theme="@style/BGAPPTheme"
29-->src\main\AndroidManifest.xml:23:13-46
30            android:windowSoftInputMode="stateAlwaysHidden" />
30-->src\main\AndroidManifest.xml:24:13-60
31
32        <!-- 图片选择预览界面 -->
33        <activity
33-->src\main\AndroidManifest.xml:27:9-32:63
34            android:name="cn.bingoogolapple.photopicker.activity.BGAPhotoPickerPreviewActivity"
34-->src\main\AndroidManifest.xml:28:13-96
35            android:configChanges="keyboardHidden|orientation|screenSize"
35-->src\main\AndroidManifest.xml:29:13-74
36            android:screenOrientation="portrait"
36-->src\main\AndroidManifest.xml:30:13-49
37            android:theme="@style/BGAPPTheme"
37-->src\main\AndroidManifest.xml:31:13-46
38            android:windowSoftInputMode="stateAlwaysHidden" />
38-->src\main\AndroidManifest.xml:32:13-60
39
40        <provider
40-->src\main\AndroidManifest.xml:34:9-42:20
41            android:name="cn.bingoogolapple.photopicker.util.BGAPhotoFileProvider"
41-->src\main\AndroidManifest.xml:35:13-83
42            android:authorities="${applicationId}.bga_photo_picker.file_provider"
42-->src\main\AndroidManifest.xml:36:13-82
43            android:exported="false"
43-->src\main\AndroidManifest.xml:37:13-37
44            android:grantUriPermissions="true" >
44-->src\main\AndroidManifest.xml:38:13-47
45            <meta-data
45-->src\main\AndroidManifest.xml:39:13-41:71
46                android:name="android.support.FILE_PROVIDER_PATHS"
46-->src\main\AndroidManifest.xml:40:17-67
47                android:resource="@xml/bga_photo_picker_file_paths" />
47-->src\main\AndroidManifest.xml:41:17-68
48        </provider>
49    </application>
50
51</manifest>